09:07:26: CPU Identifier & Features
09:07:26: -------------------------
09:07:26:  *   CPU ID: GenuineIntel: Intel(R) Core(TM) i7-2720QM CPU @ 2.20GHz
09:07:26:  *      SSE: yes
09:07:26:  *     SSE2: yes
09:07:26:  *     SSE3: yes
09:07:26:  *      MMX: yes
09:07:26:  *   MMXEXT: yes
09:07:26:  *    3DNOW: no
09:07:26:  * 3DNOWEXT: no
09:07:26:  *     CMOV: yes
09:07:26:  *      TSC: yes
09:07:26:  *      FPU: yes
09:07:26:  *      PRO: yes
09:07:26:  *       HT: no
09:07:26: -------------------------
09:07:26: ******************************
*** Starting GLX Subsystem ***
******************************
09:07:26: Registering ResourceManager for type Texture
09:07:26: GLRenderSystem::_createRenderWindow "DemoApp v1.0", 640x480 windowed  miscParams: FSAA=8 displayFrequency=63 Hz gamma=No vsync=No 
09:07:26: GLXWindow::create used FBConfigID = 71
09:07:26: GL_VERSION = 4.2.12217 Compatibility Profile Context 12.104
09:07:26: GL_VENDOR = ATI Technologies Inc.
09:07:26: GL_RENDERER = AMD Radeon HD 6900M Series
09:07:26: GL_EXTENSIONS = GL_AMDX_debug_output GL_AMDX_vertex_shader_tessellator GL_AMD_conservative_depth GL_AMD_debug_output GL_AMD_depth_clamp_separate GL_AMD_draw_buffers_blend GL_AMD_multi_draw_indirect GL_AMD_name_gen_delete GL_AMD_performance_monitor GL_AMD_pinned_memory GL_AMD_query_buffer_object GL_AMD_sample_positions GL_AMD_seamless_cubemap_per_texture GL_AMD_shader_stencil_export GL_AMD_shader_trace GL_AMD_texture_cube_map_array GL_AMD_texture_texture4 GL_AMD_transform_feedback3_lines_triangles GL_AMD_vertex_shader_layer GL_AMD_vertex_shader_tessellator GL_AMD_vertex_shader_viewport_index GL_ARB_ES2_compatibility GL_ARB_ES3_compatibility GL_ARB_arrays_of_arrays GL_ARB_base_instance GL_ARB_blend_func_extended GL_ARB_clear_buffer_object GL_ARB_color_buffer_float GL_ARB_compatibility GL_ARB_compressed_texture_pixel_storage GL_ARB_compute_shader GL_ARB_conservative_depth GL_ARB_copy_buffer GL_ARB_depth_buffer_float GL_ARB_depth_clamp GL_ARB_depth_texture GL_ARB_draw_buffers GL_ARB_draw_buffers_blend GL_ARB_draw_elements_base_vertex GL_ARB_draw_indirect GL_ARB_draw_instanced GL_ARB_explicit_attrib_location GL_ARB_explicit_uniform_location GL_ARB_fragment_coord_conventions GL_ARB_fragment_layer_viewport GL_ARB_fragment_program GL_ARB_fragment_program_shadow GL_ARB_fragment_shader GL_ARB_framebuffer_object GL_ARB_framebuffer_sRGB GL_ARB_geometry_shader4 GL_ARB_get_program_binary GL_ARB_gpu_shader5 GL_ARB_gpu_shader_fp64 GL_ARB_half_float_pixel GL_ARB_half_float_vertex GL_ARB_imaging GL_ARB_instanced_arrays GL_ARB_internalformat_query GL_ARB_invalidate_subdata GL_ARB_map_buffer_alignment GL_ARB_map_buffer_range GL_ARB_multi_draw_indirect GL_ARB_multisample GL_ARB_multitexture GL_ARB_occlusion_query GL_ARB_occlusion_query2 GL_ARB_pixel_buffer_object GL_ARB_point_parameters GL_ARB_point_sprite GL_ARB_program_interface_query GL_ARB_provoking_vertex GL_ARB_sample_shading GL_ARB_sampler_objects GL_ARB_seamless_cube_map GL_ARB_separate_shader_objects GL_ARB_shader_atomic_counters GL_ARB_shader_bit_encoding GL_ARB_shader_image_load_store GL_ARB_shader_image_size GL_ARB_shader_objects GL_ARB_shader_precision GL_ARB_shader_stencil_export GL_ARB_shader_storage_buffer_object GL_ARB_shader_subroutine GL_ARB_shader_texture_lod GL_ARB_shading_language_100 GL_ARB_shading_language_420pack GL_ARB_shading_language_packing GL_ARB_shadow GL_ARB_shadow_ambient GL_ARB_stencil_texturing GL_ARB_sync GL_ARB_tessellation_shader GL_ARB_texture_border_clamp GL_ARB_texture_buffer_object GL_ARB_texture_buffer_object_rgb32 GL_ARB_texture_buffer_range GL_ARB_texture_compression GL_ARB_texture_compression_bptc GL_ARB_texture_compression_rgtc GL_ARB_texture_cube_map GL_ARB_texture_cube_map_array GL_ARB_texture_env_add GL_ARB_texture_env_combine GL_ARB_texture_env_crossbar GL_ARB_texture_env_dot3 GL_ARB_texture_float GL_ARB_texture_gather GL_ARB_texture_mirrored_repeat GL_ARB_texture_multisample GL_ARB_texture_non_power_of_two GL_ARB_texture_query_levels GL_ARB_texture_query_lod GL_ARB_texture_rectangle GL_ARB_texture_rg GL_ARB_texture_rgb10_a2ui GL_ARB_texture_snorm GL_ARB_texture_storage GL_ARB_texture_storage_multisample GL_ARB_timer_query GL_ARB_transform_feedback2 GL_ARB_transform_feedback3 GL_ARB_transform_feedback_instanced GL_ARB_transpose_matrix GL_ARB_uniform_buffer_object GL_ARB_vertex_array_bgra GL_ARB_vertex_array_object GL_ARB_vertex_attrib_64bit GL_ARB_vertex_buffer_object GL_ARB_vertex_program GL_ARB_vertex_shader GL_ARB_vertex_type_2_10_10_10_rev GL_ARB_viewport_array GL_ARB_window_pos GL_ATI_draw_buffers GL_ATI_envmap_bumpmap GL_ATI_fragment_shader GL_ATI_meminfo GL_ATI_separate_stencil GL_ATI_texture_compression_3dc GL_ATI_texture_env_combine3 GL_ATI_texture_float GL_ATI_texture_mirror_once GL_EXT_abgr GL_EXT_bgra GL_EXT_bindable_uniform GL_EXT_blend_color GL_EXT_blend_equation_separate GL_EXT_blend_func_separate GL_EXT_blend_minmax GL_EXT_blend_subtract GL_EXT_compiled_vertex_array GL_EXT_copy_buffer GL_EXT_copy_texture GL_EXT_direct_state_access GL_EXT_draw_buffers2 GL_EXT_draw_instanced GL_EXT_draw_range_elements GL_EXT_fog_coord GL_EXT_framebuffer_blit GL_EXT_framebuffer_multisample GL_EXT_framebuffer_object GL_EXT_framebuffer_sRGB GL_EXT_geometry_shader4 GL_EXT_gpu_program_parameters GL_EXT_gpu_shader4 GL_EXT_histogram GL_EXT_multi_draw_arrays GL_EXT_packed_depth_stencil GL_EXT_packed_float GL_EXT_packed_pixels GL_EXT_pixel_buffer_object GL_EXT_point_parameters GL_EXT_provoking_vertex GL_EXT_rescale_normal GL_EXT_secondary_color GL_EXT_separate_specular_color GL_EXT_shader_image_load_store GL_EXT_shadow_funcs GL_EXT_stencil_wrap GL_EXT_subtexture GL_EXT_texgen_reflection GL_EXT_texture3D GL_EXT_texture_array GL_EXT_texture_buffer_object GL_EXT_texture_compression_bptc GL_EXT_texture_compression_latc GL_EXT_texture_compression_rgtc GL_EXT_texture_compression_s3tc GL_EXT_texture_cube_map GL_EXT_texture_edge_clamp GL_EXT_texture_env_add GL_EXT_texture_env_combine GL_EXT_texture_env_dot3 GL_EXT_texture_filter_anisotropic GL_EXT_texture_integer GL_EXT_texture_lod GL_EXT_texture_lod_bias GL_EXT_texture_mirror_clamp GL_EXT_texture_object GL_EXT_texture_rectangle GL_EXT_texture_sRGB GL_EXT_texture_sRGB_decode GL_EXT_texture_shared_exponent GL_EXT_texture_snorm GL_EXT_texture_storage GL_EXT_texture_swizzle GL_EXT_timer_query GL_EXT_transform_feedback GL_EXT_vertex_array GL_EXT_vertex_array_bgra GL_EXT_vertex_attrib_64bit GL_IBM_texture_mirrored_repeat GL_KTX_buffer_region GL_NV_blend_square GL_NV_conditional_render GL_NV_copy_depth_to_color GL_NV_copy_image GL_NV_explicit_multisample GL_NV_float_buffer GL_NV_half_float GL_NV_primitive_restart GL_NV_texgen_reflection GL_NV_texture_barrier GL_SGIS_generate_mipmap GL_SGIS_texture_edge_clamp GL_SGIS_texture_lod GL_SUN_multi_draw_arrays GL_WIN_swap_hint
09:07:26: Supported GLX extensions: GLX_ARB_create_context GLX_ARB_create_context_profile GLX_ARB_get_proc_address GLX_ARB_multisample GLX_EXT_import_context GLX_EXT_swap_control GLX_EXT_visual_info GLX_EXT_visual_rating GLX_MESA_swap_control GLX_NV_swap_group GLX_OML_swap_method GLX_SGI_make_current_read GLX_SGI_swap_control GLX_SGI_video_sync GLX_SGIS_multisample GLX_SGIX_fbconfig GLX_SGIX_pbuffer GLX_SGIX_swap_barrier GLX_SGIX_swap_group GLX_SGIX_visual_select_group GLX_EXT_texture_from_pixmap 
09:07:26: ***************************
09:07:26: *** GL Renderer Started ***
09:07:26: ***************************
09:07:26: Registering ResourceManager for type GpuProgram
09:07:26: GLSL support detected
09:07:26: GL: Using GL_EXT_framebuffer_object for rendering to textures (best)
09:07:26: FBO PF_UNKNOWN depth/stencil support: D0S1 D0S4 D0S8 D0S16 D16S0 D24S0 D32S0 Packed-D24S8 
09:07:26: FBO PF_L8 depth/stencil support: D0S0 D0S1 D0S4 D0S8 D0S16 D16S0 D24S0 D32S0 Packed-D24S8 
09:07:26: FBO PF_L16 depth/stencil support: D0S0 D0S1 D0S4 D0S8 D0S16 D16S0 D24S0 D32S0 Packed-D24S8 
09:07:26: FBO PF_A8 depth/stencil support: D0S0 D0S1 D0S4 D0S8 D0S16 D16S0 D24S0 D32S0 Packed-D24S8 
09:07:26: FBO PF_A4L4 depth/stencil support: D0S0 D0S1 D0S4 D0S8 D0S16 D16S0 D24S0 D32S0 Packed-D24S8 
09:07:26: FBO PF_BYTE_LA depth/stencil support: D0S0 D0S1 D0S4 D0S8 D0S16 D16S0 D24S0 D32S0 Packed-D24S8 
09:07:26: FBO PF_R5G6B5 depth/stencil support: D0S0 D0S1 D0S4 D0S8 D0S16 D16S0 D24S0 D32S0 Packed-D24S8 
09:07:26: FBO PF_B5G6R5 depth/stencil support: D0S0 D0S1 D0S4 D0S8 D0S16 D16S0 D24S0 D32S0 Packed-D24S8 
09:07:26: FBO PF_A4R4G4B4 depth/stencil support: D0S0 D0S1 D0S4 D0S8 D0S16 D16S0 D24S0 D32S0 Packed-D24S8 
09:07:26: FBO PF_A1R5G5B5 depth/stencil support: D0S0 D0S1 D0S4 D0S8 D0S16 D16S0 D24S0 D32S0 Packed-D24S8 
09:07:26: FBO PF_R8G8B8 depth/stencil support: D0S0 D0S1 D0S4 D0S8 D0S16 D16S0 D24S0 D32S0 Packed-D24S8 
09:07:26: FBO PF_B8G8R8 depth/stencil support: D0S0 D0S1 D0S4 D0S8 D0S16 D16S0 D24S0 D32S0 Packed-D24S8 
09:07:26: FBO PF_A8R8G8B8 depth/stencil support: D0S0 D0S1 D0S4 D0S8 D0S16 D16S0 D24S0 D32S0 Packed-D24S8 
09:07:26: FBO PF_B8G8R8A8 depth/stencil support: D0S0 D0S1 D0S4 D0S8 D0S16 D16S0 D24S0 D32S0 Packed-D24S8 
09:07:26: FBO PF_A2R10G10B10 depth/stencil support: D0S0 D0S1 D0S4 D0S8 D0S16 D16S0 D24S0 D32S0 Packed-D24S8 
09:07:26: FBO PF_A2B10G10R10 depth/stencil support: D0S0 D0S1 D0S4 D0S8 D0S16 D16S0 D24S0 D32S0 Packed-D24S8 
09:07:26: FBO PF_FLOAT16_RGB depth/stencil support: D0S0 D0S1 D0S4 D0S8 D0S16 D16S0 D24S0 D32S0 Packed-D24S8 
09:07:26: FBO PF_FLOAT16_RGBA depth/stencil support: D0S0 D0S1 D0S4 D0S8 D0S16 D16S0 D24S0 D32S0 Packed-D24S8 
09:07:26: FBO PF_FLOAT32_RGB depth/stencil support: D0S0 D0S1 D0S4 D0S8 D0S16 D16S0 D24S0 D32S0 Packed-D24S8 
09:07:26: FBO PF_FLOAT32_RGBA depth/stencil support: D0S0 D0S1 D0S4 D0S8 D0S16 D16S0 D24S0 D32S0 Packed-D24S8 
09:07:26: FBO PF_X8R8G8B8 depth/stencil support: D0S0 D0S1 D0S4 D0S8 D0S16 D16S0 D24S0 D32S0 Packed-D24S8 
09:07:26: FBO PF_X8B8G8R8 depth/stencil support: D0S0 D0S1 D0S4 D0S8 D0S16 D16S0 D24S0 D32S0 Packed-D24S8 
09:07:26: FBO PF_SHORT_RGBA depth/stencil support: D0S0 D0S1 D0S4 D0S8 D0S16 D16S0 D24S0 D32S0 Packed-D24S8 
09:07:26: FBO PF_R3G3B2 depth/stencil support: D0S0 D0S1 D0S4 D0S8 D0S16 D16S0 D24S0 D32S0 Packed-D24S8 
09:07:26: FBO PF_FLOAT16_R depth/stencil support: D0S0 D0S1 D0S4 D0S8 D0S16 D16S0 D24S0 D32S0 Packed-D24S8 
09:07:26: FBO PF_FLOAT32_R depth/stencil support: D0S0 D0S1 D0S4 D0S8 D0S16 D16S0 D24S0 D32S0 Packed-D24S8 
09:07:26: FBO PF_SHORT_GR depth/stencil support: D0S0 D0S1 D0S4 D0S8 D0S16 D16S0 D24S0 D32S0 Packed-D24S8 
09:07:26: FBO PF_FLOAT16_GR depth/stencil support: D0S0 D0S1 D0S4 D0S8 D0S16 D16S0 D24S0 D32S0 Packed-D24S8 
09:07:26: FBO PF_FLOAT32_GR depth/stencil support: D0S0 D0S1 D0S4 D0S8 D0S16 D16S0 D24S0 D32S0 Packed-D24S8 
09:07:26: FBO PF_SHORT_RGB depth/stencil support: D0S0 D0S1 D0S4 D0S8 D0S16 D16S0 D24S0 D32S0 Packed-D24S8 
09:07:26: [GL] : Valid FBO targets PF_UNKNOWN PF_L8 PF_L16 PF_A8 PF_A4L4 PF_BYTE_LA PF_R5G6B5 PF_B5G6R5 PF_A4R4G4B4 PF_A1R5G5B5 PF_R8G8B8 PF_B8G8R8 PF_A8R8G8B8 PF_B8G8R8A8 PF_A2R10G10B10 PF_A2B10G10R10 PF_FLOAT16_RGB PF_FLOAT16_RGBA PF_FLOAT32_RGB PF_FLOAT32_RGBA PF_X8R8G8B8 PF_X8B8G8R8 PF_SHORT_RGBA PF_R3G3B2 PF_FLOAT16_R PF_FLOAT32_R PF_SHORT_GR PF_FLOAT16_GR PF_FLOAT32_GR PF_SHORT_RGB 
09:07:26: RenderSystem capabilities
09:07:26: -------------------------
09:07:26: RenderSystem Name: OpenGL Rendering Subsystem
09:07:26: GPU Vendor: amd
09:07:26: Device Name: AMD Radeon HD 6900M Series
09:07:26: Driver Version: 4.2.12217.0
09:07:26:  * Fixed function pipeline: yes
09:07:26:  * Hardware generation of mipmaps: no
09:07:26:  * Texture blending: yes
09:07:26:  * Anisotropic texture filtering: yes
09:07:26:  * Dot product texture operation: yes
09:07:26:  * Cube mapping: yes
09:07:26:  * Hardware stencil buffer: yes
09:07:26:    - Stencil depth: 8
09:07:26:    - Two sided stencil support: yes
09:07:26:    - Wrap stencil values: yes
09:07:26:  * Hardware vertex / index buffers: yes
09:07:26:  * Vertex programs: yes
09:07:26:  * Number of floating-point constants for vertex programs: 256
09:07:26:  * Number of integer constants for vertex programs: 0
09:07:26:  * Number of boolean constants for vertex programs: 0
09:07:26:  * Fragment programs: yes
09:07:26:  * Number of floating-point constants for fragment programs: 256
09:07:26:  * Number of integer constants for fragment programs: 0
09:07:26:  * Number of boolean constants for fragment programs: 0
09:07:26:  * Geometry programs: yes
09:07:26:  * Number of floating-point constants for geometry programs: 16384
09:07:26:  * Number of integer constants for geometry programs: 0
09:07:26:  * Number of boolean constants for geometry programs: 0
09:07:26:  * Tesselation Hull programs: no
09:07:26:  * Number of floating-point constants for tesselation hull programs: 7517
09:07:26:  * Number of integer constants for tesselation hull programs: 55487
09:07:26:  * Number of boolean constants for tesselation hull programs: 3161
09:07:26:  * Tesselation Domain programs: no
09:07:26:  * Number of floating-point constants for tesselation domain programs: 57037
09:07:26:  * Number of integer constants for tesselation domain programs: 43893
09:07:26:  * Number of boolean constants for tesselation domain programs: 35571
09:07:26:  * Compute programs: no
09:07:26:  * Number of floating-point constants for compute programs: 48374
09:07:26:  * Number of integer constants for compute programs: 62204
09:07:26:  * Number of boolean constants for compute programs: 47691
09:07:26:  * Supported Shader Profiles: arbfp1 arbvp1 glsl gp4gp gpu_gp nvgp4 ps_1_1 ps_1_2 ps_1_3 ps_1_4
09:07:26:  * Texture Compression: yes
09:07:26:    - DXT: yes
09:07:26:    - VTC: no
09:07:26:    - PVRTC: no
09:07:26:    - ATC: no
09:07:26:    - ETC1: no
09:07:26:    - ETC2: no
09:07:26:    - BC4/BC5: no
09:07:26:    - BC6H/BC7: no
09:07:26:  * Scissor Rectangle: yes
09:07:26:  * Hardware Occlusion Query: yes
09:07:26:  * User clip planes: yes
09:07:26:  * VET_UBYTE4 vertex element type: yes
09:07:26:  * Infinite far plane projection: yes
09:07:26:  * Hardware render-to-texture: yes
09:07:26:  * Floating point textures: yes
09:07:26:  * Non-power-of-two textures: yes
09:07:26:  * 1d textures: yes
09:07:26:  * Volume textures: yes
09:07:26:  * Multiple Render Targets: 8
09:07:26:    - With different bit depths: yes
09:07:26:  * Point Sprites: yes
09:07:26:  * Extended point parameters: yes
09:07:26:  * Max Point Size: 8192
09:07:26:  * Vertex texture fetch: yes
09:07:26:  * Number of world matrices: 0
09:07:26:  * Number of texture units: 16
09:07:26:  * Stencil buffer depth: 8
09:07:26:  * Number of vertex blend matrices: 0
09:07:26:    - Max vertex textures: 16
09:07:26:    - Vertex textures shared: yes
09:07:26:  * Render to Vertex Buffer : no
09:07:26:  * Hardware Atomic Counters: no
09:07:26:  * GL 1.5 without VBO workaround: no
09:07:26:  * Frame Buffer objects: yes
09:07:26:  * Frame Buffer objects (ARB extension): no
09:07:26:  * Frame Buffer objects (ATI extension): no
09:07:26:  * PBuffer support: yes
09:07:26:  * GL 1.5 without HW-occlusion workaround: no
09:07:26:  * Vertex Array Objects: no
09:07:26:  * Separate shader objects: no
09:07:26: Using FSAA from GL_ARB_multisample extension.
09:07:26: DefaultWorkQueue('Root') initialising on thread 0x1d19a30.
09:07:26: DefaultWorkQueue('Root')::WorkerFunc - thread 0x2287390 starting.
09:07:26: DefaultWorkQueue('Root')::WorkerFunc - thread 0x2282f10 starting.
09:07:26: DefaultWorkQueue('Root')::WorkerFunc - thread 0x22865f0 starting.
09:07:26: DefaultWorkQueue('Root')::WorkerFunc - thread 0x2284df0 starting.
09:07:26: DefaultWorkQueue('Root')::WorkerFunc - thread 0x2285110 starting.
09:07:26: DefaultWorkQueue('Root')::WorkerFunc - thread 0x2285590 starting.
09:07:26: DefaultWorkQueue('Root')::WorkerFunc - thread 0x22858b0 starting.
09:07:26: DefaultWorkQueue('Root')::WorkerFunc - thread 0x2285bd0 starting.
09:07:26: Particle Renderer Type 'billboard' registered
09:07:26: SceneManagerFactory for type 'BspSceneManager' registered.
09:07:26: Registering ResourceManager for type BspLevel
09:07:26: SceneManagerFactory for type 'PCZSceneManager' registered.
09:07:26: MovableObjectFactory for type 'PCZLight' registered.
09:07:26: MovableObjectFactory for type 'Portal' registered.
09:07:26: MovableObjectFactory for type 'AntiPortal' registered.
09:07:26: PCZone Factory Type 'ZoneType_Octree' registered
09:07:26: SceneManagerFactory for type 'OctreeSceneManager' registered.
09:07:26: Creating resource group Essential
09:07:26: Added resource location 'OgreFiles/media/thumbnails' of type 'FileSystem' to resource group 'Essential'
09:07:26: Added resource location 'OgreFiles/media/packs/SdkTrays.zip' of type 'Zip' to resource group 'Essential'
09:07:26: Added resource location 'OgreFiles/media/packs/profiler.zip' of type 'Zip' to resource group 'Essential'
09:07:26: Added resource location 'OgreFiles/media' of type 'FileSystem' to resource group 'General'
09:07:26: Creating resource group Popular
09:07:26: Added resource location 'OgreFiles/media/fonts' of type 'FileSystem' to resource group 'Popular'
09:07:26: Added resource location 'OgreFiles/media/materials/programs' of type 'FileSystem' to resource group 'Popular'
09:07:26: Added resource location 'OgreFiles/media/materials/scripts' of type 'FileSystem' to resource group 'Popular'
09:07:26: Added resource location 'OgreFiles/media/materials/textures' of type 'FileSystem' to resource group 'Popular'
09:07:26: Added resource location 'OgreFiles/media/materials/textures/nvidia' of type 'FileSystem' to resource group 'Popular'
09:07:26: Added resource location 'OgreFiles/media/models' of type 'FileSystem' to resource group 'Popular'
09:07:26: Added resource location 'OgreFiles/media/flatenModels' of type 'FileSystem' to resource group 'Popular'
09:07:26: Added resource location 'OgreFiles/media/particle' of type 'FileSystem' to resource group 'Popular'
09:07:26: Added resource location 'OgreFiles/media/DeferredShadingMedia' of type 'FileSystem' to resource group 'Popular'
09:07:26: Added resource location 'OgreFiles/media/PCZAppMedia' of type 'FileSystem' to resource group 'Popular'
09:07:26: Added resource location 'OgreFiles/media/RTShaderLib' of type 'FileSystem' to resource group 'Popular'
09:07:26: Added resource location 'OgreFiles/media/RTShaderLib/materials' of type 'FileSystem' to resource group 'Popular'
09:07:26: Added resource location 'OgreFiles/media/materials/scripts/SSAO' of type 'FileSystem' to resource group 'Popular'
09:07:26: Added resource location 'OgreFiles/media/materials/textures/SSAO' of type 'FileSystem' to resource group 'Popular'
09:07:26: Added resource location 'OgreFiles/GUI' of type 'FileSystem' to resource group 'Popular'
09:07:26: Added resource location 'OgreFiles/media/packs/cubemap.zip' of type 'Zip' to resource group 'Popular'
09:07:26: Added resource location 'OgreFiles/media/packs/cubemapsJS.zip' of type 'Zip' to resource group 'Popular'
09:07:26: Added resource location 'OgreFiles/media/packs/dragon.zip' of type 'Zip' to resource group 'Popular'
09:07:26: Added resource location 'OgreFiles/media/packs/fresneldemo.zip' of type 'Zip' to resource group 'Popular'
09:07:26: Added resource location 'OgreFiles/media/packs/ogretestmap.zip' of type 'Zip' to resource group 'Popular'
09:07:26: Added resource location 'OgreFiles/media/packs/ogredance.zip' of type 'Zip' to resource group 'Popular'
09:07:26: Added resource location 'OgreFiles/media/packs/Sinbad.zip' of type 'Zip' to resource group 'Popular'
09:07:26: Added resource location 'OgreFiles/media/packs/skybox.zip' of type 'Zip' to resource group 'Popular'
09:07:26: Creating resource group Tests
09:07:26: Added resource location 'OgreFiles/media/../../Tests/Media' of type 'FileSystem' to resource group 'Tests'
09:07:26: Parsing scripts for resource group Autodetect
09:07:26: Finished parsing scripts for resource group Autodetect
09:07:26: Creating resources for group Autodetect
09:07:26: All done
09:07:26: Parsing scripts for resource group Essential
09:07:26: Parsing script SdkTrays.material
09:07:26: Parsing script OgreProfiler.material
09:07:26: Finished parsing scripts for resource group Essential
09:07:26: Creating resources for group Essential
09:07:26: All done
09:07:26: Parsing scripts for resource group General
09:07:26: Finished parsing scripts for resource group General
09:07:26: Creating resources for group General
09:07:26: All done
09:07:26: Parsing scripts for resource group Internal
09:07:26: Finished parsing scripts for resource group Internal
09:07:26: Creating resources for group Internal
09:07:26: All done
09:07:26: Parsing scripts for resource group Popular
09:07:26: Parsing script Instancing.program
09:07:26: Parsing script Examples.program
09:07:26: Parsing script StdQuad_vp.program
09:07:26: Parsing script DualQuaternion.program
09:07:26: OGRE EXCEPTION(7:InternalErrorException): Unable to compile Cg program Ogre/DualQuaternionHardwareSkinningTwoWeightsTwoPhaseCg: The compile returned an error.
DualQuaternion_Common.cg(167) : warning C7019: "blendWgt" is too large for semantic "BLENDWEIGHT", which is size 1
(0) : error C6007: Constant register limit exceeded; more than 96 constant registers needed to compiled program
(0) : error C6007: Constant register limit exceeded; more than 96 constant registers needed to compiled program
(0) : error C6007: Constant register limit exceeded; more than 96 constant registers needed to compiled program
(0) : error C6007: Constant register limit exceeded; more than 96 constant registers needed to compiled program
(0) : error C6007: Constant register limit exceeded; more than 96 constant registers needed to compiled program
(0) : error C6007: Constant register limit exceeded; more than 96 constant registers needed to compiled program
(0) : error C6007: Constant register limit exceeded; more than 96 constant registers needed to compiled program
(0) : error C6007: Constant register limit exceeded; more than 96 constant registers needed to compiled program
 in CgProgram::compileMicrocode at /home/afreak/ogre/OGRE19/sinbad-ogre-f7da7fe2d384/PlugIns/CgProgramManager/src/OgreCgProgramManagerDll.cpp (line 67)
09:07:26: High-level program Ogre/DualQuaternionHardwareSkinningTwoWeightsTwoPhaseCg encountered an error during loading and is thus not supported.
OGRE EXCEPTION(7:InternalErrorException): Unable to compile Cg program Ogre/DualQuaternionHardwareSkinningTwoWeightsTwoPhaseCg: The compile returned an error.
DualQuaternion_Common.cg(167) : warning C7019: "blendWgt" is too large for semantic "BLENDWEIGHT", which is size 1
(0) : error C6007: Constant register limit exceeded; more than 96 constant registers needed to compiled program
(0) : error C6007: Constant register limit exceeded; more than 96 constant registers needed to compiled program
(0) : error C6007: Constant register limit exceeded; more than 96 constant registers needed to compiled program
(0) : error C6007: Constant register limit exceeded; more than 96 constant registers needed to compiled program
(0) : error C6007: Constant register limit exceeded; more than 96 constant registers needed to compiled program
(0) : error C6007: Constant register limit exceeded; more than 96 constant registers needed to compiled program
(0) : error C6007: Constant register limit exceeded; more than 96 constant registers needed to compiled program
(0) : error C6007: Constant register limit exceeded; more than 96 constant registers needed to compiled program
 in CgProgram::compileMicrocode at /home/afreak/ogre/OGRE19/sinbad-ogre-f7da7fe2d384/PlugIns/CgProgramManager/src/OgreCgProgramManagerDll.cpp (line 67)
09:07:26: OGRE EXCEPTION(2:InvalidParametersException): Named constants have not been initialised, perhaps a compile error. in GpuProgramParameters::_findNamedConstantDefinition at /home/afreak/ogre/OGRE19/sinbad-ogre-f7da7fe2d384/OgreMain/src/OgreGpuProgramParams.cpp (line 1709)
09:07:26: Compiler error: invalid parameters in DualQuaternion.program(28): setting of constant failed
09:07:26: Parsing script ShadowCaster.program
09:07:26: Parsing script deferred_post.program
09:07:26: Parsing script HeatVision.material
09:07:26: Parsing script GLSLSwizzle.material
09:07:26: Parsing script shadows.material
09:07:26: Parsing script BlackAndWhite.material
09:07:26: Parsing script CGSwizzle.material
09:07:26: Parsing script Examples.material
09:07:26: Parsing script SharpenEdges.material
09:07:26: Parsing script hdr.material
09:07:26: Parsing script smoke.material
09:07:26: Parsing script ShaderInstancing.material
09:07:26: Parsing script ASCII.material
09:07:26: Parsing script Bloom.material
09:07:26: Parsing script Halftone.material
09:07:27: Parsing script InstancingMisc.material
09:07:27: Parsing script DepthShadowmap.material
09:07:27: Parsing script Glass.material
09:07:27: Parsing script IsoSurf.material
09:07:27: Problem parsing the following Cg Uniform: '@TMP29' in file Ogre/IsoSurf/TessellateTetrahedraGS_CG
09:07:27: Parsing script HW_VTFInstancing.material
09:07:27: Parsing script OffsetMapping.material
09:07:27: Parsing script Posterize.material
09:07:27: Parsing script instancing.material
09:07:27: Parsing script DualQuaternion.material
09:07:27: Parsing script OldTV.material
09:07:27: Parsing script HW_VTF_LUTInstancing.material
09:07:27: Parsing script Ocean.material
09:07:27: Parsing script ParticleGS.material
09:07:27: Parsing script RZR-002.material
09:07:27: Parsing script Invert.material
09:07:27: Parsing script CompositorDemo.material
09:07:27: Parsing script ShaderSystem.material
09:07:27: Parsing script DOF.material
09:07:27: Parsing script Examples-Water.material
09:07:27: Parsing script VarianceShadowmap.material
09:07:27: Parsing script ASMSwizzle.material
09:07:27: Parsing script NightVision.material
09:07:27: Parsing script Penguin.material
09:07:27: Parsing script Tiling.material
09:07:27: Parsing script Ogre.material
09:07:27: Parsing script Laplace.material
09:07:27: Parsing script Embossed.material
09:07:27: Parsing script VTFInstancing.material
09:07:27: Parsing script OldMovie.material
09:07:27: Parsing script Bloom2.material
09:07:27: Parsing script Example-Water.material
09:07:27: Parsing script RadialBlur.material
09:07:27: Parsing script MRTtest.material
09:07:27: Parsing script Hurt.material
09:07:27: Parsing script MotionBlur.material
09:07:27: Parsing script Dither.material
09:07:27: Parsing script pssm.material
09:07:27: Parsing script Examples-Advanced.material
09:07:27: Compiler error: object unsupported by render system in Examples-Advanced.material(787): , Shader name: Examples/TextureArrayPSasm
09:07:27: Parsing script facial.material
09:07:27: Parsing script sibenik.material
09:07:27: Parsing script Examples-DynTex.material
09:07:27: Parsing script HWInstancing.material
09:07:27: Parsing script TestLevel.material
09:07:27: Parsing script ssao.material
09:07:27: Parsing script deferred_post.material
09:07:27: Parsing script deferred_post_minilight.material
09:07:27: Parsing script deferreddemo.material
09:07:27: Parsing script ShadowCaster.material
09:07:27: Parsing script ROOM.material
09:07:27: Parsing script HardwareSkinningShadow.material
09:07:27: OGRE EXCEPTION(7:InternalErrorException): Unable to compile Cg program Ogre/RTShader/shadow_caster_skinning_1weight_vs: The compile returned an error.
(21) : warning C7019: "blendWgt" is too large for semantic "BLENDWEIGHT", which is size 1
(23) : error C5041: cannot locate suitable resource to bind parameter "<null atom>"
(23) : error C5041: cannot locate suitable resource to bind parameter "<null atom>"
(23) : error C5041: cannot locate suitable resource to bind parameter "<null atom>"
(23) : error C5041: cannot locate suitable resource to bind parameter "<null atom>"
(23) : error C5041: cannot locate suitable resource to bind parameter "<null atom>"
(23) : error C5041: cannot locate suitable resource to bind parameter "<null atom>"
(23) : error C5041: cannot locate suitable resource to bind parameter "<null atom>"
(23) : error C5041: cannot locate suitable resource to bind parameter "<null atom>"
(23) : error C5041: cannot locate suitable resource to bind parameter "<null atom>"
(23) : error C5041: cannot locate suitable resource to bind parameter "<null atom>"
(23) : error C5041: cannot locate suitable resource to bind parameter "<null atom>"
(23) : error C5041: cannot locate suitable resource to bind parameter "<null atom>"
(23) : error C5041: cannot locate suitable resource to bind parameter "<null atom>"
(23) : error C5041: cannot locate suitable resource to bind parameter "<null atom>"
(23) : error C5041: cannot locate suitable resource to bind parameter "<null atom>"
(23) : error C5041: cannot locate suitable resource to bind parameter "<null atom>"
(23) : error C5041: cannot locate suitable resource to bind parameter "<null atom>"
(23) : error C5041: cannot locate suitable resource to bind parameter "<null atom>"
(23) : error C5041: cannot locate suitable resource to bind parameter "<null atom>"
 in CgProgram::compileMicrocode at /home/afreak/ogre/OGRE19/sinbad-ogre-f7da7fe2d384/PlugIns/CgProgramManager/src/OgreCgProgramManagerDll.cpp (line 67)
09:07:27: High-level program Ogre/RTShader/shadow_caster_skinning_1weight_vs encountered an error during loading and is thus not supported.
OGRE EXCEPTION(7:InternalErrorException): Unable to compile Cg program Ogre/RTShader/shadow_caster_skinning_1weight_vs: The compile returned an error.
(21) : warning C7019: "blendWgt" is too large for semantic "BLENDWEIGHT", which is size 1
(23) : error C5041: cannot locate suitable resource to bind parameter "<null atom>"
(23) : error C5041: cannot locate suitable resource to bind parameter "<null atom>"
(23) : error C5041: cannot locate suitable resource to bind parameter "<null atom>"
(23) : error C5041: cannot locate suitable resource to bind parameter "<null atom>"
(23) : error C5041: cannot locate suitable resource to bind parameter "<null atom>"
(23) : error C5041: cannot locate suitable resource to bind parameter "<null atom>"
(23) : error C5041: cannot locate suitable resource to bind parameter "<null atom>"
(23) : error C5041: cannot locate suitable resource to bind parameter "<null atom>"
(23) : error C5041: cannot locate suitable resource to bind parameter "<null atom>"
(23) : error C5041: cannot locate suitable resource to bind parameter "<null atom>"
(23) : error C5041: cannot locate suitable resource to bind parameter "<null atom>"
(23) : error C5041: cannot locate suitable resource to bind parameter "<null atom>"
(23) : error C5041: cannot locate suitable resource to bind parameter "<null atom>"
(23) : error C5041: cannot locate suitable resource to bind parameter "<null atom>"
(23) : error C5041: cannot locate suitable resource to bind parameter "<null atom>"
(23) : error C5041: cannot locate suitable resource to bind parameter "<null atom>"
(23) : error C5041: cannot locate suitable resource to bind parameter "<null atom>"
(23) : error C5041: cannot locate suitable resource to bind parameter "<null atom>"
(23) : error C5041: cannot locate suitable resource to bind parameter "<null atom>"
 in CgProgram::compileMicrocode at /home/afreak/ogre/OGRE19/sinbad-ogre-f7da7fe2d384/PlugIns/CgProgramManager/src/OgreCgProgramManagerDll.cpp (line 67)
09:07:27: OGRE EXCEPTION(2:InvalidParametersException): Named constants have not been initialised, perhaps a compile error. in GpuProgramParameters::_findNamedConstantDefinition at /home/afreak/ogre/OGRE19/sinbad-ogre-f7da7fe2d384/OgreMain/src/OgreGpuProgramParams.cpp (line 1709)
09:07:27: Compiler error: invalid parameters in HardwareSkinningShadow.material(29): setting of constant failed
09:07:27: OGRE EXCEPTION(2:InvalidParametersException): Named constants have not been initialised, perhaps a compile error. in GpuProgramParameters::_findNamedConstantDefinition at /home/afreak/ogre/OGRE19/sinbad-ogre-f7da7fe2d384/OgreMain/src/OgreGpuProgramParams.cpp (line 1709)
09:07:27: Compiler error: invalid parameters in HardwareSkinningShadow.material(30): setting of constant failed
09:07:27: OGRE EXCEPTION(7:InternalErrorException): Unable to compile Cg program Ogre/RTShader/shadow_caster_skinning_2weight_vs_cg: The compile returned an error.
(41) : warning C7019: "blendWgt" is too large for semantic "BLENDWEIGHT", which is size 1
(44) : error C5041: cannot locate suitable resource to bind parameter "<null atom>"
(44) : error C5041: cannot locate suitable resource to bind parameter "<null atom>"
(44) : error C5041: cannot locate suitable resource to bind parameter "<null atom>"
(44) : error C5041: cannot locate suitable resource to bind parameter "<null atom>"
(44) : error C5041: cannot locate suitable resource to bind parameter "<null atom>"
(44) : error C5041: cannot locate suitable resource to bind parameter "<null atom>"
(44) : error C5041: cannot locate suitable resource to bind parameter "<null atom>"
(44) : error C5041: cannot locate suitable resource to bind parameter "<null atom>"
(44) : error C5041: cannot locate suitable resource to bind parameter "<null atom>"
(44) : error C5041: cannot locate suitable resource to bind parameter "<null atom>"
(44) : error C5041: cannot locate suitable resource to bind parameter "<null atom>"
(44) : error C5041: cannot locate suitable resource to bind parameter "<null atom>"
(44) : error C5041: cannot locate suitable resource to bind parameter "<null atom>"
(44) : error C5041: cannot locate suitable resource to bind parameter "<null atom>"
(44) : error C5041: cannot locate suitable resource to bind parameter "<null atom>"
(44) : error C5041: cannot locate suitable resource to bind parameter "<null atom>"
(44) : error C5041: cannot locate suitable resource to bind parameter "<null atom>"
(44) : error C5041: cannot locate suitable resource to bind parameter "<null atom>"
(44) : error C5041: cannot locate suitable resource to bind parameter "<null atom>"
 in CgProgram::compileMicrocode at /home/afreak/ogre/OGRE19/sinbad-ogre-f7da7fe2d384/PlugIns/CgProgramManager/src/OgreCgProgramManagerDll.cpp (line 67)
09:07:27: High-level program Ogre/RTShader/shadow_caster_skinning_2weight_vs_cg encountered an error during loading and is thus not supported.
OGRE EXCEPTION(7:InternalErrorException): Unable to compile Cg program Ogre/RTShader/shadow_caster_skinning_2weight_vs_cg: The compile returned an error.
(41) : warning C7019: "blendWgt" is too large for semantic "BLENDWEIGHT", which is size 1
(44) : error C5041: cannot locate suitable resource to bind parameter "<null atom>"
(44) : error C5041: cannot locate suitable resource to bind parameter "<null atom>"
(44) : error C5041: cannot locate suitable resource to bind parameter "<null atom>"
(44) : error C5041: cannot locate suitable resource to bind parameter "<null atom>"
(44) : error C5041: cannot locate suitable resource to bind parameter "<null atom>"
(44) : error C5041: cannot locate suitable resource to bind parameter "<null atom>"
(44) : error C5041: cannot locate suitable resource to bind parameter "<null atom>"
(44) : error C5041: cannot locate suitable resource to bind parameter "<null atom>"
(44) : error C5041: cannot locate suitable resource to bind parameter "<null atom>"
(44) : error C5041: cannot locate suitable resource to bind parameter "<null atom>"
(44) : error C5041: cannot locate suitable resource to bind parameter "<null atom>"
(44) : error C5041: cannot locate suitable resource to bind parameter "<null atom>"
(44) : error C5041: cannot locate suitable resource to bind parameter "<null atom>"
(44) : error C5041: cannot locate suitable resource to bind parameter "<null atom>"
(44) : error C5041: cannot locate suitable resource to bind parameter "<null atom>"
(44) : error C5041: cannot locate suitable resource to bind parameter "<null atom>"
(44) : error C5041: cannot locate suitable resource to bind parameter "<null atom>"
(44) : error C5041: cannot locate suitable resource to bind parameter "<null atom>"
(44) : error C5041: cannot locate suitable resource to bind parameter "<null atom>"
 in CgProgram::compileMicrocode at /home/afreak/ogre/OGRE19/sinbad-ogre-f7da7fe2d384/PlugIns/CgProgramManager/src/OgreCgProgramManagerDll.cpp (line 67)
09:07:27: OGRE EXCEPTION(2:InvalidParametersException): Named constants have not been initialised, perhaps a compile error. in GpuProgramParameters::_findNamedConstantDefinition at /home/afreak/ogre/OGRE19/sinbad-ogre-f7da7fe2d384/OgreMain/src/OgreGpuProgramParams.cpp (line 1709)
09:07:27: Compiler error: invalid parameters in HardwareSkinningShadow.material(43): setting of constant failed
09:07:27: OGRE EXCEPTION(2:InvalidParametersException): Named constants have not been initialised, perhaps a compile error. in GpuProgramParameters::_findNamedConstantDefinition at /home/afreak/ogre/OGRE19/sinbad-ogre-f7da7fe2d384/OgreMain/src/OgreGpuProgramParams.cpp (line 1709)
09:07:27: Compiler error: invalid parameters in HardwareSkinningShadow.material(44): setting of constant failed
09:07:27: OGRE EXCEPTION(7:InternalErrorException): Unable to compile Cg program Ogre/RTShader/shadow_caster_skinning_3weight_vs: The compile returned an error.
(64) : warning C7019: "blendWgt" is too large for semantic "BLENDWEIGHT", which is size 1
(67) : error C5041: cannot locate suitable resource to bind parameter "<null atom>"
(67) : error C5041: cannot locate suitable resource to bind parameter "<null atom>"
(67) : error C5041: cannot locate suitable resource to bind parameter "<null atom>"
(67) : error C5041: cannot locate suitable resource to bind parameter "<null atom>"
(67) : error C5041: cannot locate suitable resource to bind parameter "<null atom>"
(67) : error C5041: cannot locate suitable resource to bind parameter "<null atom>"
(67) : error C5041: cannot locate suitable resource to bind parameter "<null atom>"
(67) : error C5041: cannot locate suitable resource to bind parameter "<null atom>"
(67) : error C5041: cannot locate suitable resource to bind parameter "<null atom>"
(67) : error C5041: cannot locate suitable resource to bind parameter "<null atom>"
(67) : error C5041: cannot locate suitable resource to bind parameter "<null atom>"
(67) : error C5041: cannot locate suitable resource to bind parameter "<null atom>"
(67) : error C5041: cannot locate suitable resource to bind parameter "<null atom>"
(67) : error C5041: cannot locate suitable resource to bind parameter "<null atom>"
(67) : error C5041: cannot locate suitable resource to bind parameter "<null atom>"
(67) : error C5041: cannot locate suitable resource to bind parameter "<null atom>"
(67) : error C5041: cannot locate suitable resource to bind parameter "<null atom>"
(67) : error C5041: cannot locate suitable resource to bind parameter "<null atom>"
(67) : error C5041: cannot locate suitable resource to bind parameter "<null atom>"
 in CgProgram::compileMicrocode at /home/afreak/ogre/OGRE19/sinbad-ogre-f7da7fe2d384/PlugIns/CgProgramManager/src/OgreCgProgramManagerDll.cpp (line 67)
09:07:27: High-level program Ogre/RTShader/shadow_caster_skinning_3weight_vs encountered an error during loading and is thus not supported.
OGRE EXCEPTION(7:InternalErrorException): Unable to compile Cg program Ogre/RTShader/shadow_caster_skinning_3weight_vs: The compile returned an error.
(64) : warning C7019: "blendWgt" is too large for semantic "BLENDWEIGHT", which is size 1
(67) : error C5041: cannot locate suitable resource to bind parameter "<null atom>"
(67) : error C5041: cannot locate suitable resource to bind parameter "<null atom>"
(67) : error C5041: cannot locate suitable resource to bind parameter "<null atom>"
(67) : error C5041: cannot locate suitable resource to bind parameter "<null atom>"
(67) : error C5041: cannot locate suitable resource to bind parameter "<null atom>"
(67) : error C5041: cannot locate suitable resource to bind parameter "<null atom>"
(67) : error C5041: cannot locate suitable resource to bind parameter "<null atom>"
(67) : error C5041: cannot locate suitable resource to bind parameter "<null atom>"
(67) : error C5041: cannot locate suitable resource to bind parameter "<null atom>"
(67) : error C5041: cannot locate suitable resource to bind parameter "<null atom>"
(67) : error C5041: cannot locate suitable resource to bind parameter "<null atom>"
(67) : error C5041: cannot locate suitable resource to bind parameter "<null atom>"
(67) : error C5041: cannot locate suitable resource to bind parameter "<null atom>"
(67) : error C5041: cannot locate suitable resource to bind parameter "<null atom>"
(67) : error C5041: cannot locate suitable resource to bind parameter "<null atom>"
(67) : error C5041: cannot locate suitable resource to bind parameter "<null atom>"
(67) : error C5041: cannot locate suitable resource to bind parameter "<null atom>"
(67) : error C5041: cannot locate suitable resource to bind parameter "<null atom>"
(67) : error C5041: cannot locate suitable resource to bind parameter "<null atom>"
 in CgProgram::compileMicrocode at /home/afreak/ogre/OGRE19/sinbad-ogre-f7da7fe2d384/PlugIns/CgProgramManager/src/OgreCgProgramManagerDll.cpp (line 67)
09:07:27: OGRE EXCEPTION(2:InvalidParametersException): Named constants have not been initialised, perhaps a compile error. in GpuProgramParameters::_findNamedConstantDefinition at /home/afreak/ogre/OGRE19/sinbad-ogre-f7da7fe2d384/OgreMain/src/OgreGpuProgramParams.cpp (line 1709)
09:07:27: Compiler error: invalid parameters in HardwareSkinningShadow.material(57): setting of constant failed
09:07:27: OGRE EXCEPTION(2:InvalidParametersException): Named constants have not been initialised, perhaps a compile error. in GpuProgramParameters::_findNamedConstantDefinition at /home/afreak/ogre/OGRE19/sinbad-ogre-f7da7fe2d384/OgreMain/src/OgreGpuProgramParams.cpp (line 1709)
09:07:27: Compiler error: invalid parameters in HardwareSkinningShadow.material(58): setting of constant failed
09:07:27: OGRE EXCEPTION(7:InternalErrorException): Unable to compile Cg program Ogre/RTShader/shadow_caster_skinning_4weight_vs: The compile returned an error.
(88) : warning C7019: "blendWgt" is too large for semantic "BLENDWEIGHT", which is size 1
(91) : error C5041: cannot locate suitable resource to bind parameter "<null atom>"
(91) : error C5041: cannot locate suitable resource to bind parameter "<null atom>"
(91) : error C5041: cannot locate suitable resource to bind parameter "<null atom>"
(91) : error C5041: cannot locate suitable resource to bind parameter "<null atom>"
(91) : error C5041: cannot locate suitable resource to bind parameter "<null atom>"
(91) : error C5041: cannot locate suitable resource to bind parameter "<null atom>"
(91) : error C5041: cannot locate suitable resource to bind parameter "<null atom>"
(91) : error C5041: cannot locate suitable resource to bind parameter "<null atom>"
(91) : error C5041: cannot locate suitable resource to bind parameter "<null atom>"
(91) : error C5041: cannot locate suitable resource to bind parameter "<null atom>"
(91) : error C5041: cannot locate suitable resource to bind parameter "<null atom>"
(91) : error C5041: cannot locate suitable resource to bind parameter "<null atom>"
(91) : error C5041: cannot locate suitable resource to bind parameter "<null atom>"
(91) : error C5041: cannot locate suitable resource to bind parameter "<null atom>"
(91) : error C5041: cannot locate suitable resource to bind parameter "<null atom>"
(91) : error C5041: cannot locate suitable resource to bind parameter "<null atom>"
(91) : error C5041: cannot locate suitable resource to bind parameter "<null atom>"
(91) : error C5041: cannot locate suitable resource to bind parameter "<null atom>"
(91) : error C5041: cannot locate suitable resource to bind parameter "<null atom>"
 in CgProgram::compileMicrocode at /home/afreak/ogre/OGRE19/sinbad-ogre-f7da7fe2d384/PlugIns/CgProgramManager/src/OgreCgProgramManagerDll.cpp (line 67)
09:07:27: High-level program Ogre/RTShader/shadow_caster_skinning_4weight_vs encountered an error during loading and is thus not supported.
OGRE EXCEPTION(7:InternalErrorException): Unable to compile Cg program Ogre/RTShader/shadow_caster_skinning_4weight_vs: The compile returned an error.
(88) : warning C7019: "blendWgt" is too large for semantic "BLENDWEIGHT", which is size 1
(91) : error C5041: cannot locate suitable resource to bind parameter "<null atom>"
(91) : error C5041: cannot locate suitable resource to bind parameter "<null atom>"
(91) : error C5041: cannot locate suitable resource to bind parameter "<null atom>"
(91) : error C5041: cannot locate suitable resource to bind parameter "<null atom>"
(91) : error C5041: cannot locate suitable resource to bind parameter "<null atom>"
(91) : error C5041: cannot locate suitable resource to bind parameter "<null atom>"
(91) : error C5041: cannot locate suitable resource to bind parameter "<null atom>"
(91) : error C5041: cannot locate suitable resource to bind parameter "<null atom>"
(91) : error C5041: cannot locate suitable resource to bind parameter "<null atom>"
(91) : error C5041: cannot locate suitable resource to bind parameter "<null atom>"
(91) : error C5041: cannot locate suitable resource to bind parameter "<null atom>"
(91) : error C5041: cannot locate suitable resource to bind parameter "<null atom>"
(91) : error C5041: cannot locate suitable resource to bind parameter "<null atom>"
(91) : error C5041: cannot locate suitable resource to bind parameter "<null atom>"
(91) : error C5041: cannot locate suitable resource to bind parameter "<null atom>"
(91) : error C5041: cannot locate suitable resource to bind parameter "<null atom>"
(91) : error C5041: cannot locate suitable resource to bind parameter "<null atom>"
(91) : error C5041: cannot locate suitable resource to bind parameter "<null atom>"
(91) : error C5041: cannot locate suitable resource to bind parameter "<null atom>"
 in CgProgram::compileMicrocode at /home/afreak/ogre/OGRE19/sinbad-ogre-f7da7fe2d384/PlugIns/CgProgramManager/src/OgreCgProgramManagerDll.cpp (line 67)
09:07:27: OGRE EXCEPTION(2:InvalidParametersException): Named constants have not been initialised, perhaps a compile error. in GpuProgramParameters::_findNamedConstantDefinition at /home/afreak/ogre/OGRE19/sinbad-ogre-f7da7fe2d384/OgreMain/src/OgreGpuProgramParams.cpp (line 1709)
09:07:27: Compiler error: invalid parameters in HardwareSkinningShadow.material(72): setting of constant failed
09:07:27: OGRE EXCEPTION(2:InvalidParametersException): Named constants have not been initialised, perhaps a compile error. in GpuProgramParameters::_findNamedConstantDefinition at /home/afreak/ogre/OGRE19/sinbad-ogre-f7da7fe2d384/OgreMain/src/OgreGpuProgramParams.cpp (line 1709)
09:07:27: Compiler error: invalid parameters in HardwareSkinningShadow.material(73): setting of constant failed
09:07:27: OGRE EXCEPTION(7:InternalErrorException): Unable to compile Cg program Ogre/RTShader/shadow_receiver_vs: The compile returned an error.
(0) : error C3001: no program defined
 in CgProgram::compileMicrocode at /home/afreak/ogre/OGRE19/sinbad-ogre-f7da7fe2d384/PlugIns/CgProgramManager/src/OgreCgProgramManagerDll.cpp (line 67)
09:07:27: High-level program Ogre/RTShader/shadow_receiver_vs encountered an error during loading and is thus not supported.
OGRE EXCEPTION(7:InternalErrorException): Unable to compile Cg program Ogre/RTShader/shadow_receiver_vs: The compile returned an error.
(0) : error C3001: no program defined
 in CgProgram::compileMicrocode at /home/afreak/ogre/OGRE19/sinbad-ogre-f7da7fe2d384/PlugIns/CgProgramManager/src/OgreCgProgramManagerDll.cpp (line 67)
09:07:27: OGRE EXCEPTION(2:InvalidParametersException): Named constants have not been initialised, perhaps a compile error. in GpuProgramParameters::_findNamedConstantDefinition at /home/afreak/ogre/OGRE19/sinbad-ogre-f7da7fe2d384/OgreMain/src/OgreGpuProgramParams.cpp (line 1709)
09:07:27: Compiler error: invalid parameters in HardwareSkinningShadow.material(206): setting of constant failed
09:07:27: OGRE EXCEPTION(2:InvalidParametersException): Named constants have not been initialised, perhaps a compile error. in GpuProgramParameters::_findNamedConstantDefinition at /home/afreak/ogre/OGRE19/sinbad-ogre-f7da7fe2d384/OgreMain/src/OgreGpuProgramParams.cpp (line 1709)
09:07:27: Compiler error: invalid parameters in HardwareSkinningShadow.material(207): setting of constant failed
09:07:27: OGRE EXCEPTION(7:InternalErrorException): Unable to compile Cg program Ogre/RTShader/shadow_receiver_ps: The compile returned an error.
(0) : error C3001: no program defined
 in CgProgram::compileMicrocode at /home/afreak/ogre/OGRE19/sinbad-ogre-f7da7fe2d384/PlugIns/CgProgramManager/src/OgreCgProgramManagerDll.cpp (line 67)
09:07:27: High-level program Ogre/RTShader/shadow_receiver_ps encountered an error during loading and is thus not supported.
OGRE EXCEPTION(7:InternalErrorException): Unable to compile Cg program Ogre/RTShader/shadow_receiver_ps: The compile returned an error.
(0) : error C3001: no program defined
 in CgProgram::compileMicrocode at /home/afreak/ogre/OGRE19/sinbad-ogre-f7da7fe2d384/PlugIns/CgProgramManager/src/OgreCgProgramManagerDll.cpp (line 67)
09:07:27: OGRE EXCEPTION(2:InvalidParametersException): Named constants have not been initialised, perhaps a compile error. in GpuProgramParameters::_findNamedConstantDefinition at /home/afreak/ogre/OGRE19/sinbad-ogre-f7da7fe2d384/OgreMain/src/OgreGpuProgramParams.cpp (line 1709)
09:07:27: Compiler error: invalid parameters in HardwareSkinningShadow.material(219): setting of constant failed
09:07:27: Parsing script RTShaderSystem.material
09:07:27: Compiler error: unknown error in RTShaderSystem.material(23): token "rtshader_system" is not recognized
09:07:27: Compiler error: unknown error in RTShaderSystem.material(52): token "rtshader_system" is not recognized
09:07:27: Compiler error: unknown error in RTShaderSystem.material(81): token "rtshader_system" is not recognized
09:07:27: Compiler error: unknown error in RTShaderSystem.material(110): token "rtshader_system" is not recognized
09:07:27: Compiler error: unknown error in RTShaderSystem.material(146): token "rtshader_system" is not recognized
09:07:27: Compiler error: unknown error in RTShaderSystem.material(81): token "rtshader_system" is not recognized
09:07:27: Compiler error: unknown error in RTShaderSystem.material(162): token "rtshader_system" is not recognized
09:07:27: Compiler error: unknown error in RTShaderSystem.material(81): token "rtshader_system" is not recognized
09:07:27: Compiler error: unknown error in RTShaderSystem.material(110): token "rtshader_system" is not recognized
09:07:27: Compiler error: unknown error in RTShaderSystem.material(211): token "rtshader_system" is not recognized
09:07:27: Parsing script DualQuaternionSkinning_Shadow.material
09:07:27: OGRE EXCEPTION(7:InternalErrorException): Unable to compile Cg program Ogre/RTShader/shadow_caster_dq_skinning_1weight_twophase_vs_cg: The compile returned an error.
(227) : warning C7019: "blendWgt" is too large for semantic "BLENDWEIGHT", which is size 1
(0) : error C6007: Constant register limit exceeded; more than 96 constant registers needed to compiled program
(0) : error C6007: Constant register limit exceeded; more than 96 constant registers needed to compiled program
(0) : error C6007: Constant register limit exceeded; more than 96 constant registers needed to compiled program
 in CgProgram::compileMicrocode at /home/afreak/ogre/OGRE19/sinbad-ogre-f7da7fe2d384/PlugIns/CgProgramManager/src/OgreCgProgramManagerDll.cpp (line 67)
09:07:27: High-level program Ogre/RTShader/shadow_caster_dq_skinning_1weight_twophase_vs_cg encountered an error during loading and is thus not supported.
OGRE EXCEPTION(7:InternalErrorException): Unable to compile Cg program Ogre/RTShader/shadow_caster_dq_skinning_1weight_twophase_vs_cg: The compile returned an error.
(227) : warning C7019: "blendWgt" is too large for semantic "BLENDWEIGHT", which is size 1
(0) : error C6007: Constant register limit exceeded; more than 96 constant registers needed to compiled program
(0) : error C6007: Constant register limit exceeded; more than 96 constant registers needed to compiled program
(0) : error C6007: Constant register limit exceeded; more than 96 constant registers needed to compiled program
 in CgProgram::compileMicrocode at /home/afreak/ogre/OGRE19/sinbad-ogre-f7da7fe2d384/PlugIns/CgProgramManager/src/OgreCgProgramManagerDll.cpp (line 67)
09:07:27: OGRE EXCEPTION(2:InvalidParametersException): Named constants have not been initialised, perhaps a compile error. in GpuProgramParameters::_findNamedConstantDefinition at /home/afreak/ogre/OGRE19/sinbad-ogre-f7da7fe2d384/OgreMain/src/OgreGpuProgramParams.cpp (line 1709)
09:07:27: Compiler error: invalid parameters in DualQuaternionSkinning_Shadow.material(208): setting of constant failed
09:07:27: OGRE EXCEPTION(2:InvalidParametersException): Named constants have not been initialised, perhaps a compile error. in GpuProgramParameters::_findNamedConstantDefinition at /home/afreak/ogre/OGRE19/sinbad-ogre-f7da7fe2d384/OgreMain/src/OgreGpuProgramParams.cpp (line 1709)
09:07:27: Compiler error: invalid parameters in DualQuaternionSkinning_Shadow.material(209): setting of constant failed
09:07:27: OGRE EXCEPTION(2:InvalidParametersException): Named constants have not been initialised, perhaps a compile error. in GpuProgramParameters::_findNamedConstantDefinition at /home/afreak/ogre/OGRE19/sinbad-ogre-f7da7fe2d384/OgreMain/src/OgreGpuProgramParams.cpp (line 1709)
09:07:27: Compiler error: invalid parameters in DualQuaternionSkinning_Shadow.material(210): setting of constant failed
09:07:27: OGRE EXCEPTION(2:InvalidParametersException): Named constants have not been initialised, perhaps a compile error. in GpuProgramParameters::_findNamedConstantDefinition at /home/afreak/ogre/OGRE19/sinbad-ogre-f7da7fe2d384/OgreMain/src/OgreGpuProgramParams.cpp (line 1709)
09:07:27: Compiler error: invalid parameters in DualQuaternionSkinning_Shadow.material(211): setting of constant failed
09:07:27: OGRE EXCEPTION(7:InternalErrorException): Unable to compile Cg program Ogre/RTShader/shadow_caster_dq_skinning_2weight_twophase_vs_cg: The compile returned an error.
(261) : warning C7019: "blendWgt" is too large for semantic "BLENDWEIGHT", which is size 1
(0) : error C6007: Constant register limit exceeded; more than 96 constant registers needed to compiled program
(0) : error C6007: Constant register limit exceeded; more than 96 constant registers needed to compiled program
(0) : error C6007: Constant register limit exceeded; more than 96 constant registers needed to compiled program
 in CgProgram::compileMicrocode at /home/afreak/ogre/OGRE19/sinbad-ogre-f7da7fe2d384/PlugIns/CgProgramManager/src/OgreCgProgramManagerDll.cpp (line 67)
09:07:27: High-level program Ogre/RTShader/shadow_caster_dq_skinning_2weight_twophase_vs_cg encountered an error during loading and is thus not supported.
OGRE EXCEPTION(7:InternalErrorException): Unable to compile Cg program Ogre/RTShader/shadow_caster_dq_skinning_2weight_twophase_vs_cg: The compile returned an error.
(261) : warning C7019: "blendWgt" is too large for semantic "BLENDWEIGHT", which is size 1
(0) : error C6007: Constant register limit exceeded; more than 96 constant registers needed to compiled program
(0) : error C6007: Constant register limit exceeded; more than 96 constant registers needed to compiled program
(0) : error C6007: Constant register limit exceeded; more than 96 constant registers needed to compiled program
 in CgProgram::compileMicrocode at /home/afreak/ogre/OGRE19/sinbad-ogre-f7da7fe2d384/PlugIns/CgProgramManager/src/OgreCgProgramManagerDll.cpp (line 67)
09:07:27: OGRE EXCEPTION(2:InvalidParametersException): Named constants have not been initialised, perhaps a compile error. in GpuProgramParameters::_findNamedConstantDefinition at /home/afreak/ogre/OGRE19/sinbad-ogre-f7da7fe2d384/OgreMain/src/OgreGpuProgramParams.cpp (line 1709)
09:07:27: Compiler error: invalid parameters in DualQuaternionSkinning_Shadow.material(225): setting of constant failed
09:07:27: OGRE EXCEPTION(2:InvalidParametersException): Named constants have not been initialised, perhaps a compile error. in GpuProgramParameters::_findNamedConstantDefinition at /home/afreak/ogre/OGRE19/sinbad-ogre-f7da7fe2d384/OgreMain/src/OgreGpuProgramParams.cpp (line 1709)
09:07:27: Compiler error: invalid parameters in DualQuaternionSkinning_Shadow.material(226): setting of constant failed
09:07:27: OGRE EXCEPTION(2:InvalidParametersException): Named constants have not been initialised, perhaps a compile error. in GpuProgramParameters::_findNamedConstantDefinition at /home/afreak/ogre/OGRE19/sinbad-ogre-f7da7fe2d384/OgreMain/src/OgreGpuProgramParams.cpp (line 1709)
09:07:27: Compiler error: invalid parameters in DualQuaternionSkinning_Shadow.material(227): setting of constant failed
09:07:27: OGRE EXCEPTION(2:InvalidParametersException): Named constants have not been initialised, perhaps a compile error. in GpuProgramParameters::_findNamedConstantDefinition at /home/afreak/ogre/OGRE19/sinbad-ogre-f7da7fe2d384/OgreMain/src/OgreGpuProgramParams.cpp (line 1709)
09:07:27: Compiler error: invalid parameters in DualQuaternionSkinning_Shadow.material(228): setting of constant failed
09:07:27: Parsing script HemisphereMC.material
09:07:27: Parsing script ShowDepth.material
09:07:27: Parsing script Volumetric.material
09:07:27: Parsing script ShowViewPos.material
09:07:27: Parsing script GBuffer.material
09:07:27: Parsing script SSAOPost.material
09:07:27: Parsing script Crytek.material
09:07:27: Parsing script ShowNormals.material
09:07:27: Parsing script HorizonBased.material
09:07:27: Parsing script CreaseShading.material
09:07:27: Parsing script UnsharpMask.material
09:07:27: Parsing script RomanBath.material
09:07:27: Parsing script Sinbad.material
09:07:27: Parsing script Examples-Water.particle
09:07:27: Parsing script emitted_emitter.particle
09:07:27: Parsing script smoke.particle
09:07:27: Parsing script Examples.particle
09:07:27: Parsing script Examples.compositor
09:07:27: Parsing script deferred.compositor
09:07:27: Parsing script ssao.compositor
09:07:27: Parsing script SSAOPost.compositor
09:07:27: Parsing script SSAO.compositor
09:07:27: Finished parsing scripts for resource group Popular
09:07:27: Creating resources for group Popular
09:07:27: All done
09:07:27: Parsing scripts for resource group Tests
09:07:27: Finished parsing scripts for resource group Tests
09:07:27: Creating resources for group Tests
09:07:27: All done
09:07:27: Demo initialized!
09:07:27: Texture: purple.png: Loading 1 faces(PF_A8R8G8B8,512x1000x1) with 5 generated mipmaps from Image. Internal format is PF_A8R8G8B8,512x1000x1.
09:07:27: Texture: stevecube_fr.jpg: Loading 1 faces(PF_R8G8B8,512x512x1) with 5 generated mipmaps from Image. Internal format is PF_X8R8G8B8,512x512x1.
09:07:27: Texture: stevecube_bk.jpg: Loading 1 faces(PF_R8G8B8,512x512x1) with 5 generated mipmaps from Image. Internal format is PF_X8R8G8B8,512x512x1.
09:07:27: Texture: stevecube_lf.jpg: Loading 1 faces(PF_R8G8B8,512x512x1) with 5 generated mipmaps from Image. Internal format is PF_X8R8G8B8,512x512x1.
09:07:27: Texture: stevecube_rt.jpg: Loading 1 faces(PF_R8G8B8,512x512x1) with 5 generated mipmaps from Image. Internal format is PF_X8R8G8B8,512x512x1.
09:07:27: Texture: stevecube_up.jpg: Loading 1 faces(PF_R8G8B8,512x512x1) with 5 generated mipmaps from Image. Internal format is PF_X8R8G8B8,512x512x1.
09:07:27: Texture: stevecube_dn.jpg: Loading 1 faces(PF_R8G8B8,512x512x1) with 5 generated mipmaps from Image. Internal format is PF_X8R8G8B8,512x512x1.
09:07:27: Start main loop...
09:07:31: Main loop quit
09:07:31: Shutdown OGRE...
09:07:31: DefaultWorkQueue('Root') shutting down on thread 0x1d19a30.
09:07:31: DefaultWorkQueue('Root')::WorkerFunc - thread 0x2287390 stopped.
09:07:31: DefaultWorkQueue('Root')::WorkerFunc - thread 0x2285110 stopped.
09:07:31: DefaultWorkQueue('Root')::WorkerFunc - thread 0x22865f0 stopped.
09:07:31: DefaultWorkQueue('Root')::WorkerFunc - thread 0x2284df0 stopped.
09:07:31: DefaultWorkQueue('Root')::WorkerFunc - thread 0x2285590 stopped.
09:07:31: DefaultWorkQueue('Root')::WorkerFunc - thread 0x22858b0 stopped.
09:07:31: DefaultWorkQueue('Root')::WorkerFunc - thread 0x2282f10 stopped.
09:07:31: DefaultWorkQueue('Root')::WorkerFunc - thread 0x2285bd0 stopped.
09:07:31: PCZone Factory Type 'ZoneType_Octree' unregistered
09:07:31: Unregistering ResourceManager for type BspLevel
09:07:31: *-*-* OGRE Shutdown
09:07:31: Unregistering ResourceManager for type Compositor
09:07:31: Unregistering ResourceManager for type Skeleton
09:07:31: Unregistering ResourceManager for type Mesh
09:07:31: Unregistering ResourceManager for type HighLevelGpuProgram
09:07:31: Uninstalling plugin: Octree Scene Manager
09:07:31: Plugin successfully uninstalled
09:07:31: Unloading library OgreFiles/plugins/Plugin_OctreeSceneManager
09:07:31: Uninstalling plugin: Octree Zone Factory
09:07:31: Plugin successfully uninstalled
09:07:31: Unloading library OgreFiles/plugins/Plugin_OctreeZone
09:07:31: Uninstalling plugin: Portal Connected Zone Scene Manager
09:07:31: Plugin successfully uninstalled
09:07:31: Unloading library OgreFiles/plugins/Plugin_PCZSceneManager
09:07:31: Uninstalling plugin: Cg Program Manager
09:07:31: Plugin successfully uninstalled
09:07:31: Unloading library OgreFiles/plugins/Plugin_CgProgramManager
09:07:31: Uninstalling plugin: BSP Scene Manager
09:07:31: Plugin successfully uninstalled
09:07:31: Unloading library OgreFiles/plugins/Plugin_BSPSceneManager
09:07:31: Uninstalling plugin: ParticleFX
09:07:31: Plugin successfully uninstalled
09:07:31: Unloading library OgreFiles/plugins/Plugin_ParticleFX
09:07:31: Uninstalling plugin: GL RenderSystem
09:07:31: Unregistering ResourceManager for type GpuProgram
09:07:31: ******************************
*** Stopping GLX Subsystem ***
******************************
09:07:31: Unregistering ResourceManager for type Texture
09:07:31: Plugin successfully uninstalled
09:07:31: Unloading library OgreFiles/plugins/RenderSystem_GL
09:07:31: Unregistering ResourceManager for type Material
